[0.012s] Invoking command in '/home/cdwiench/Desktop/Robotics/CobotMyRobot/ros2_ws/build/action_interfaces': /usr/bin/cmake --build /home/cdwiench/Desktop/Robotics/CobotMyRobot/ros2_ws/build/action_interfaces -- -j8 -l8
[0.038s] -- Found ament_cmake: 1.3.3 (/opt/ros/humble/share/ament_cmake/cmake)
[0.194s] Traceback (most recent call last):
[0.195s]   File "/opt/ros/humble/share/ament_cmake_core/cmake/package_templates/templates_2_cmake.py", line 21, in <module>
[0.195s]     from ament_package.templates import get_environment_hook_template_path
[0.195s] ModuleNotFoundError: No module named 'ament_package'
[0.207s] [31mCMake Error at /opt/ros/humble/share/ament_cmake_core/cmake/ament_cmake_package_templates-extras.cmake:41 (message):
[0.207s]   execute_process(/usr/bin/python3.10
[0.207s]   /opt/ros/humble/share/ament_cmake_core/cmake/package_templates/templates_2_cmake.py
[0.207s]   /home/cdwiench/Desktop/Robotics/CobotMyRobot/ros2_ws/build/action_interfaces/ament_cmake_package_templates/templates.cmake)
[0.207s]   returned error code 1
[0.207s] Call Stack (most recent call first):
[0.207s]   /opt/ros/humble/share/ament_cmake_core/cmake/ament_cmake_coreConfig.cmake:41 (include)
[0.207s]   /opt/ros/humble/share/ament_cmake/cmake/ament_cmake_export_dependencies-extras.cmake:15 (find_package)
[0.207s]   /opt/ros/humble/share/ament_cmake/cmake/ament_cmakeConfig.cmake:41 (include)
[0.207s]   CMakeLists.txt:9 (find_package)
[0.208s] 
[0.208s] [0m
[0.208s] -- Configuring incomplete, errors occurred!
[0.208s] See also "/home/cdwiench/Desktop/Robotics/CobotMyRobot/ros2_ws/build/action_interfaces/CMakeFiles/CMakeOutput.log".
[0.210s] gmake: *** [Makefile:747: cmake_check_build_system] Error 1
[0.212s] Invoked command in '/home/cdwiench/Desktop/Robotics/CobotMyRobot/ros2_ws/build/action_interfaces' returned '2': /usr/bin/cmake --build /home/cdwiench/Desktop/Robotics/CobotMyRobot/ros2_ws/build/action_interfaces -- -j8 -l8
